19:03:19 **** Clean-only build of configuration Release for project BeckEclipse2 ****
make clean 
make: *** No rule to make target 'clean'.  Stop.
19:03:20 **** Build of configuration Release for project BeckEclipse2 ****
make all 
'Building file: ../.ino.cpp'
'Starting C++ compile'
"C:\Users\Larry\AppData\Roaming\Arduino15\packages\esp8266\tools\xtensa-lx106-elf-gcc\1.20.0-26-gb404fb9-2/bin/xtensa-lx106-elf-g++" -D__ets__ -DICACHE_FLASH -U__STRICT_ANSI__ "-IC:\Users\Larry\AppData\Roaming\Arduino15\packages\esp8266\hardware\esp8266\2.0.0/tools/sdk/include" -c -Os -g -mlongcalls -mtext-section-literals -fno-exceptions -fno-rtti -falign-functions=4 -std=c++11 -MMD -ffunction-sections -fdata-sections -DF_CPU=80000000L -DARDUINO=10605 -DARDUINO_ESP8266_ESP12 -DARDUINO_ARCH_ESP8266  -DESP8266   -MMD -MP -MF".ino.cpp.d" -MT".ino.cpp.o" -D__IN_ECLIPSE__=1 -x c++ "../.ino.cpp"  -o  ".ino.cpp.o"   -Wall
subdir.mk:24: recipe for target '.ino.cpp.o' failed
process_begin: CreateProcess(NULL, C:\Users\Larry\AppData\Roaming\Arduino15\packages\esp8266\tools\xtensa-lx106-elf-gcc\1.20.0-26-gb404fb9-2/bin/xtensa-lx106-elf-g++ -D__ets__ -DICACHE_FLASH -U__STRICT_ANSI__ -IC:\Users\Larry\AppData\Roaming\Arduino15\packages\esp8266\hardware\esp8266\2.0.0/tools/sdk/include -c -Os -g -mlongcalls -mtext-section-literals -fno-exceptions -fno-rtti -falign-functions=4 -std=c++11 -MMD -ffunction-sections -fdata-sections -DF_CPU=80000000L -DARDUINO=10605 -DARDUINO_ESP8266_ESP12 -DARDUINO_ARCH_ESP8266 -DESP8266 -MMD -MP -MF.ino.cpp.d -MT.ino.cpp.o -D__IN_ECLIPSE__=1 -x c++ ../.ino.cpp -o .ino.cpp.o -Wall, ...) failed.
make (e=3): The system cannot find the path specified.

make: *** [.ino.cpp.o] Error 3
12:23:25 **** Incremental Build of configuration Release for project BeckEclipse2 ****
make all 
'Building file: ../.ino.cpp'
'Starting C++ compile'
"C:\Users\Larry\AppData\Roaming\Arduino15\packages\esp8266\tools\xtensa-lx106-elf-gcc\1.20.0-26-gb404fb9-2/bin/xtensa-lx106-elf-g++" -D__ets__ -DICACHE_FLASH -U__STRICT_ANSI__ "-IC:\Users\Larry\AppData\Roaming\Arduino15\packages\esp8266\hardware\esp8266\2.0.0/tools/sdk/include" -c -Os -g -mlongcalls -mtext-section-literals -fno-exceptions -fno-rtti -falign-functions=4 -std=c++11 -MMD -ffunction-sections -fdata-sections -DF_CPU=80000000L -DARDUINO=10605 -DARDUINO_ESP8266_ESP12 -DARDUINO_ARCH_ESP8266  -DESP8266   -I"C:\Users\Larry\AppData\Roaming\Arduino15\packages\esp8266\hardware\esp8266\2.0.0\cores\esp8266" -I"C:\Users\Larry\AppData\Roaming\Arduino15\packages\esp8266\hardware\esp8266\2.0.0\variants\nodemcu" -MMD -MP -MF".ino.cpp.d" -MT".ino.cpp.o" -D__IN_ECLIPSE__=1 -x c++ "../.ino.cpp"  -o  ".ino.cpp.o"   -Wall
subdir.mk:24: recipe for target '.ino.cpp.o' failed
process_begin: CreateProcess(NULL, C:\Users\Larry\AppData\Roaming\Arduino15\packages\esp8266\tools\xtensa-lx106-elf-gcc\1.20.0-26-gb404fb9-2/bin/xtensa-lx106-elf-g++ -D__ets__ -DICACHE_FLASH -U__STRICT_ANSI__ -IC:\Users\Larry\AppData\Roaming\Arduino15\packages\esp8266\hardware\esp8266\2.0.0/tools/sdk/include -c -Os -g -mlongcalls -mtext-section-literals -fno-exceptions -fno-rtti -falign-functions=4 -std=c++11 -MMD -ffunction-sections -fdata-sections -DF_CPU=80000000L -DARDUINO=10605 -DARDUINO_ESP8266_ESP12 -DARDUINO_ARCH_ESP8266 -DESP8266 -IC:\Users\Larry\AppData\Roaming\Arduino15\packages\esp8266\hardware\esp8266\2.0.0\cores\esp8266 -IC:\Users\Larry\AppData\Roaming\Arduino15\packages\esp8266\hardware\esp8266\2.0.0\variants\nodemcu -MMD -MP -MF.ino.cpp.d -MT.ino.cpp.o -D__IN_ECLIPSE__=1 -x c++ ../.ino.cpp -o .ino.cpp.o -Wall, ...) failed.
make (e=3): The system cannot find the path specified.

make: *** [.ino.cpp.o] Error 3
13:22:25 **** Incremental Build of configuration Release for project BeckEclipse2 ****
make all 
'Building file: ../.ino.cpp'
'Starting C++ compile'
"C:\Users\Larry\AppData\Roaming\Arduino15\packages\esp8266\tools\xtensa-lx106-elf-gcc\1.20.0-26-gb404fb9-2/bin/xtensa-lx106-elf-g++" -D__ets__ -DICACHE_FLASH -U__STRICT_ANSI__ "-IC:\Users\Larry\AppData\Roaming\Arduino15\packages\esp8266\hardware\esp8266\2.0.0/tools/sdk/include" -c -Os -g -mlongcalls -mtext-section-literals -fno-exceptions -fno-rtti -falign-functions=4 -std=c++11 -MMD -ffunction-sections -fdata-sections -DF_CPU=80000000L -DARDUINO=10605 -DARDUINO_ESP8266_ESP12 -DARDUINO_ARCH_ESP8266  -DESP8266   -I"C:\Users\Larry\AppData\Roaming\Arduino15\packages\esp8266\hardware\esp8266\2.0.0\cores\esp8266" -I"C:\Users\Larry\AppData\Roaming\Arduino15\packages\esp8266\hardware\esp8266\2.0.0\variants\nodemcu" -MMD -MP -MF".ino.cpp.d" -MT".ino.cpp.o" -D__IN_ECLIPSE__=1 -x c++ "../.ino.cpp"  -o  ".ino.cpp.o"   -Wall
../.ino.cpp:7:25: fatal error: ESP8266WiFi.h: No such file or directory
subdir.mk:24: recipe for target '.ino.cpp.o' failed
 #include <ESP8266WiFi.h>
                         ^
compilation terminated.
make: *** [.ino.cpp.o] Error 1
14:37:04 **** Clean-only build of configuration Release for project BeckWebUpdater ****
make clean 
make: *** No rule to make target 'clean'.  Stop.
14:37:11 **** Build of configuration Release for project BeckWebUpdater ****
make all 
'Building file: ../.ino.cpp'
'Starting C++ compile'
"C:\Users\Larry\AppData\Roaming\Arduino15\packages\esp8266\tools\xtensa-lx106-elf-gcc\1.20.0-26-gb404fb9-2/bin/xtensa-lx106-elf-g++" -D__ets__ -DICACHE_FLASH -U__STRICT_ANSI__ "-IC:\Users\Larry\AppData\Roaming\Arduino15\packages\esp8266\hardware\esp8266\2.0.0/tools/sdk/include" -c -Os -g -mlongcalls -mtext-section-literals -fno-exceptions -fno-rtti -falign-functions=4 -std=c++11 -MMD -ffunction-sections -fdata-sections -DF_CPU=80000000L -DARDUINO=10605 -DARDUINO_ESP8266_ESP12 -DARDUINO_ARCH_ESP8266  -DESP8266   -I"C:\Users\Larry\AppData\Roaming\Arduino15\packages\esp8266\hardware\esp8266\2.0.0\cores\esp8266" -I"C:\Users\Larry\AppData\Roaming\Arduino15\packages\esp8266\hardware\esp8266\2.0.0\variants\nodemcu" -I"C:\Dev\_Repos\Arduino\libraries\ESP8266HTTPUpdateServer" -I"C:\Dev\_Repos\Arduino\libraries\ESP8266HTTPUpdateServer\src" -MMD -MP -MF".ino.cpp.d" -MT".ino.cpp.o" -D__IN_ECLIPSE__=1 -x c++ "../.ino.cpp"  -o  ".ino.cpp.o"   -Wall
subdir.mk:24: recipe for target '.ino.cpp.o' failed
process_begin: CreateProcess(NULL, C:\Users\Larry\AppData\Roaming\Arduino15\packages\esp8266\tools\xtensa-lx106-elf-gcc\1.20.0-26-gb404fb9-2/bin/xtensa-lx106-elf-g++ -D__ets__ -DICACHE_FLASH -U__STRICT_ANSI__ -IC:\Users\Larry\AppData\Roaming\Arduino15\packages\esp8266\hardware\esp8266\2.0.0/tools/sdk/include -c -Os -g -mlongcalls -mtext-section-literals -fno-exceptions -fno-rtti -falign-functions=4 -std=c++11 -MMD -ffunction-sections -fdata-sections -DF_CPU=80000000L -DARDUINO=10605 -DARDUINO_ESP8266_ESP12 -DARDUINO_ARCH_ESP8266 -DESP8266 -IC:\Users\Larry\AppData\Roaming\Arduino15\packages\esp8266\hardware\esp8266\2.0.0\cores\esp8266 -IC:\Users\Larry\AppData\Roaming\Arduino15\packages\esp8266\hardware\esp8266\2.0.0\variants\nodemcu -IC:\Dev\_Repos\Arduino\libraries\ESP8266HTTPUpdateServer -IC:\Dev\_Repos\Arduino\libraries\ESP8266HTTPUpdateServer\src -MMD -MP -MF.ino.cpp.d -MT.ino.cpp.o -D__IN_ECLIPSE__=1 -x c++ ../.ino.cpp -o .ino.cpp.o -Wall, ...) failed.
make (e=3): The system cannot find the path specified.

make: *** [.ino.cpp.o] Error 3
